<?xml version="1.0" encoding="UTF-8"?>
<!-- Generated by org.testng.reporters.JUnitReportReporter -->
<testsuite skipped="0" hostname="DESKTOP-MO6TAM1" name="Practise.GitTest.TestNGSample" tests="1" failures="0" timestamp="13 Jun 2019 16:40:54 GMT" time="64.292" errors="0">
  <testcase name="method1" time="64.292" classname="Practise.GitTest.TestNGSample"/>
</testsuite> <!-- Practise.GitTest.TestNGSample -->
